2024-04-22 14:18:55,671 - INFO - HTTP Request: POST https://api.telegram.org/bot7121780866:AAHonkqpaYouAg8S1Lnrw-EBUvBMInaxjbw/getMe "HTTP/1.1 200 OK"
2024-04-22 14:18:55,734 - INFO - HTTP Request: POST https://api.telegram.org/bot7121780866:AAHonkqpaYouAg8S1Lnrw-EBUvBMInaxjbw/deleteWebhook "HTTP/1.1 200 OK"
2024-04-22 14:18:55,738 - INFO - Scheduler started
2024-04-22 14:19:05,949 - INFO - HTTP Request: POST https://api.telegram.org/bot7121780866:AAHonkqpaYouAg8S1Lnrw-EBUvBMInaxjbw/getUpdates "HTTP/1.1 200 OK"
2024-04-22 14:19:16,013 - INFO - HTTP Request: POST https://api.telegram.org/bot7121780866:AAHonkqpaYouAg8S1Lnrw-EBUvBMInaxjbw/getUpdates "HTTP/1.1 200 OK"
2024-04-22 14:19:26,077 - INFO - HTTP Request: POST https://api.telegram.org/bot7121780866:AAHonkqpaYouAg8S1Lnrw-EBUvBMInaxjbw/getUpdates "HTTP/1.1 200 OK"
2024-04-22 14:19:36,014 - INFO - HTTP Request: POST https://api.telegram.org/bot7121780866:AAHonkqpaYouAg8S1Lnrw-EBUvBMInaxjbw/getUpdates "HTTP/1.1 200 OK"
2024-04-22 14:19:36,274 - INFO - HTTP Request: POST https://api.telegram.org/bot7121780866:AAHonkqpaYouAg8S1Lnrw-EBUvBMInaxjbw/sendMessage "HTTP/1.1 200 OK"
2024-04-22 14:19:36,276 - INFO - Пользователь Mozzich запросил список очереди.
2024-04-22 14:19:46,094 - INFO - HTTP Request: POST https://api.telegram.org/bot7121780866:AAHonkqpaYouAg8S1Lnrw-EBUvBMInaxjbw/getUpdates "HTTP/1.1 200 OK"
2024-04-22 14:19:56,154 - INFO - HTTP Request: POST https://api.telegram.org/bot7121780866:AAHonkqpaYouAg8S1Lnrw-EBUvBMInaxjbw/getUpdates "HTTP/1.1 200 OK"
2024-04-22 14:19:57,451 - INFO - Scheduler has been shut down
2024-04-22 14:20:33,795 - INFO - HTTP Request: POST https://api.telegram.org/bot7140791741:AAFklhqVhhZVDxRSbOFoHH5B4-fE6eipQfg/getMe "HTTP/1.1 200 OK"
2024-04-22 14:20:33,867 - INFO - HTTP Request: POST https://api.telegram.org/bot7140791741:AAFklhqVhhZVDxRSbOFoHH5B4-fE6eipQfg/deleteWebhook "HTTP/1.1 200 OK"
2024-04-22 14:20:33,871 - INFO - Scheduler started
2024-04-22 14:20:34,093 - INFO - HTTP Request: POST https://api.telegram.org/bot7140791741:AAFklhqVhhZVDxRSbOFoHH5B4-fE6eipQfg/getUpdates "HTTP/1.1 200 OK"
2024-04-22 14:20:34,211 - INFO - HTTP Request: POST https://api.telegram.org/bot7140791741:AAFklhqVhhZVDxRSbOFoHH5B4-fE6eipQfg/sendMessage "HTTP/1.1 200 OK"
2024-04-22 14:20:34,212 - INFO - Пользователь Mozzich запросил список очереди.
2024-04-22 14:20:34,317 - INFO - HTTP Request: POST https://api.telegram.org/bot7140791741:AAFklhqVhhZVDxRSbOFoHH5B4-fE6eipQfg/sendMessage "HTTP/1.1 200 OK"
2024-04-22 14:20:34,319 - INFO - Пользователь Mozzich запросил список очереди.
2024-04-22 14:20:34,415 - INFO - HTTP Request: POST https://api.telegram.org/bot7140791741:AAFklhqVhhZVDxRSbOFoHH5B4-fE6eipQfg/sendMessage "HTTP/1.1 200 OK"
2024-04-22 14:20:34,418 - INFO - Пользователь Mozzich запустил бота.
2024-04-22 14:20:34,513 - INFO - HTTP Request: POST https://api.telegram.org/bot7140791741:AAFklhqVhhZVDxRSbOFoHH5B4-fE6eipQfg/sendMessage "HTTP/1.1 200 OK"
2024-04-22 14:20:34,605 - INFO - HTTP Request: POST https://api.telegram.org/bot7140791741:AAFklhqVhhZVDxRSbOFoHH5B4-fE6eipQfg/sendMessage "HTTP/1.1 200 OK"
2024-04-22 14:20:34,606 - INFO - Пользователь Mozzich запустил бота.
2024-04-22 14:20:34,696 - INFO - HTTP Request: POST https://api.telegram.org/bot7140791741:AAFklhqVhhZVDxRSbOFoHH5B4-fE6eipQfg/sendMessage "HTTP/1.1 200 OK"
2024-04-22 14:20:39,336 - INFO - HTTP Request: POST https://api.telegram.org/bot7140791741:AAFklhqVhhZVDxRSbOFoHH5B4-fE6eipQfg/getUpdates "HTTP/1.1 200 OK"
2024-04-22 14:20:39,430 - INFO - HTTP Request: POST https://api.telegram.org/bot7140791741:AAFklhqVhhZVDxRSbOFoHH5B4-fE6eipQfg/sendMessage "HTTP/1.1 200 OK"
2024-04-22 14:20:39,432 - INFO - Пользователь Mozzich запустил бота.
2024-04-22 14:20:39,533 - INFO - HTTP Request: POST https://api.telegram.org/bot7140791741:AAFklhqVhhZVDxRSbOFoHH5B4-fE6eipQfg/sendMessage "HTTP/1.1 200 OK"
2024-04-22 14:20:49,404 - INFO - HTTP Request: POST https://api.telegram.org/bot7140791741:AAFklhqVhhZVDxRSbOFoHH5B4-fE6eipQfg/getUpdates "HTTP/1.1 200 OK"
2024-04-22 14:20:59,470 - INFO - HTTP Request: POST https://api.telegram.org/bot7140791741:AAFklhqVhhZVDxRSbOFoHH5B4-fE6eipQfg/getUpdates "HTTP/1.1 200 OK"
2024-04-22 14:21:09,534 - INFO - HTTP Request: POST https://api.telegram.org/bot7140791741:AAFklhqVhhZVDxRSbOFoHH5B4-fE6eipQfg/getUpdates "HTTP/1.1 200 OK"
2024-04-22 14:21:19,600 - INFO - HTTP Request: POST https://api.telegram.org/bot7140791741:AAFklhqVhhZVDxRSbOFoHH5B4-fE6eipQfg/getUpdates "HTTP/1.1 200 OK"
2024-04-22 14:21:29,668 - INFO - HTTP Request: POST https://api.telegram.org/bot7140791741:AAFklhqVhhZVDxRSbOFoHH5B4-fE6eipQfg/getUpdates "HTTP/1.1 200 OK"
2024-04-22 14:21:39,732 - INFO - HTTP Request: POST https://api.telegram.org/bot7140791741:AAFklhqVhhZVDxRSbOFoHH5B4-fE6eipQfg/getUpdates "HTTP/1.1 200 OK"
2024-04-22 14:21:49,801 - INFO - HTTP Request: POST https://api.telegram.org/bot7140791741:AAFklhqVhhZVDxRSbOFoHH5B4-fE6eipQfg/getUpdates "HTTP/1.1 200 OK"
2024-04-22 14:21:59,872 - INFO - HTTP Request: POST https://api.telegram.org/bot7140791741:AAFklhqVhhZVDxRSbOFoHH5B4-fE6eipQfg/getUpdates "HTTP/1.1 200 OK"
2024-04-22 14:22:09,937 - INFO - HTTP Request: POST https://api.telegram.org/bot7140791741:AAFklhqVhhZVDxRSbOFoHH5B4-fE6eipQfg/getUpdates "HTTP/1.1 200 OK"
2024-04-22 14:22:20,002 - INFO - HTTP Request: POST https://api.telegram.org/bot7140791741:AAFklhqVhhZVDxRSbOFoHH5B4-fE6eipQfg/getUpdates "HTTP/1.1 200 OK"
2024-04-22 14:22:30,065 - INFO - HTTP Request: POST https://api.telegram.org/bot7140791741:AAFklhqVhhZVDxRSbOFoHH5B4-fE6eipQfg/getUpdates "HTTP/1.1 200 OK"
2024-04-22 14:22:40,129 - INFO - HTTP Request: POST https://api.telegram.org/bot7140791741:AAFklhqVhhZVDxRSbOFoHH5B4-fE6eipQfg/getUpdates "HTTP/1.1 200 OK"
2024-04-22 14:22:50,195 - INFO - HTTP Request: POST https://api.telegram.org/bot7140791741:AAFklhqVhhZVDxRSbOFoHH5B4-fE6eipQfg/getUpdates "HTTP/1.1 200 OK"
2024-04-22 14:23:00,287 - INFO - HTTP Request: POST https://api.telegram.org/bot7140791741:AAFklhqVhhZVDxRSbOFoHH5B4-fE6eipQfg/getUpdates "HTTP/1.1 200 OK"
2024-04-22 14:23:10,353 - INFO - HTTP Request: POST https://api.telegram.org/bot7140791741:AAFklhqVhhZVDxRSbOFoHH5B4-fE6eipQfg/getUpdates "HTTP/1.1 200 OK"
2024-04-22 14:23:20,416 - INFO - HTTP Request: POST https://api.telegram.org/bot7140791741:AAFklhqVhhZVDxRSbOFoHH5B4-fE6eipQfg/getUpdates "HTTP/1.1 200 OK"
2024-04-22 14:23:30,488 - INFO - HTTP Request: POST https://api.telegram.org/bot7140791741:AAFklhqVhhZVDxRSbOFoHH5B4-fE6eipQfg/getUpdates "HTTP/1.1 200 OK"
2024-04-22 14:23:38,674 - INFO - HTTP Request: POST https://api.telegram.org/bot7140791741:AAFklhqVhhZVDxRSbOFoHH5B4-fE6eipQfg/getUpdates "HTTP/1.1 200 OK"
2024-04-22 14:23:38,929 - INFO - HTTP Request: POST https://api.telegram.org/bot7140791741:AAFklhqVhhZVDxRSbOFoHH5B4-fE6eipQfg/sendMessage "HTTP/1.1 200 OK"
2024-04-22 14:23:38,931 - INFO - Пользователь Mozzich запустил бота.
2024-04-22 14:23:39,021 - INFO - HTTP Request: POST https://api.telegram.org/bot7140791741:AAFklhqVhhZVDxRSbOFoHH5B4-fE6eipQfg/sendMessage "HTTP/1.1 200 OK"
2024-04-22 14:23:48,768 - INFO - HTTP Request: POST https://api.telegram.org/bot7140791741:AAFklhqVhhZVDxRSbOFoHH5B4-fE6eipQfg/getUpdates "HTTP/1.1 200 OK"
2024-04-22 14:23:58,836 - INFO - HTTP Request: POST https://api.telegram.org/bot7140791741:AAFklhqVhhZVDxRSbOFoHH5B4-fE6eipQfg/getUpdates "HTTP/1.1 200 OK"
2024-04-22 14:24:08,898 - INFO - HTTP Request: POST https://api.telegram.org/bot7140791741:AAFklhqVhhZVDxRSbOFoHH5B4-fE6eipQfg/getUpdates "HTTP/1.1 200 OK"
2024-04-22 14:24:18,961 - INFO - HTTP Request: POST https://api.telegram.org/bot7140791741:AAFklhqVhhZVDxRSbOFoHH5B4-fE6eipQfg/getUpdates "HTTP/1.1 200 OK"
2024-04-22 14:24:29,023 - INFO - HTTP Request: POST https://api.telegram.org/bot7140791741:AAFklhqVhhZVDxRSbOFoHH5B4-fE6eipQfg/getUpdates "HTTP/1.1 200 OK"
2024-04-22 14:24:39,086 - INFO - HTTP Request: POST https://api.telegram.org/bot7140791741:AAFklhqVhhZVDxRSbOFoHH5B4-fE6eipQfg/getUpdates "HTTP/1.1 200 OK"
2024-04-22 14:24:49,152 - INFO - HTTP Request: POST https://api.telegram.org/bot7140791741:AAFklhqVhhZVDxRSbOFoHH5B4-fE6eipQfg/getUpdates "HTTP/1.1 200 OK"
2024-04-22 14:24:59,214 - INFO - HTTP Request: POST https://api.telegram.org/bot7140791741:AAFklhqVhhZVDxRSbOFoHH5B4-fE6eipQfg/getUpdates "HTTP/1.1 200 OK"
2024-04-22 14:25:09,281 - INFO - HTTP Request: POST https://api.telegram.org/bot7140791741:AAFklhqVhhZVDxRSbOFoHH5B4-fE6eipQfg/getUpdates "HTTP/1.1 200 OK"
2024-04-22 14:25:19,345 - INFO - HTTP Request: POST https://api.telegram.org/bot7140791741:AAFklhqVhhZVDxRSbOFoHH5B4-fE6eipQfg/getUpdates "HTTP/1.1 200 OK"
2024-04-22 14:25:29,415 - INFO - HTTP Request: POST https://api.telegram.org/bot7140791741:AAFklhqVhhZVDxRSbOFoHH5B4-fE6eipQfg/getUpdates "HTTP/1.1 200 OK"
2024-04-22 14:25:39,482 - INFO - HTTP Request: POST https://api.telegram.org/bot7140791741:AAFklhqVhhZVDxRSbOFoHH5B4-fE6eipQfg/getUpdates "HTTP/1.1 200 OK"
2024-04-22 14:25:49,548 - INFO - HTTP Request: POST https://api.telegram.org/bot7140791741:AAFklhqVhhZVDxRSbOFoHH5B4-fE6eipQfg/getUpdates "HTTP/1.1 200 OK"
2024-04-22 14:25:59,613 - INFO - HTTP Request: POST https://api.telegram.org/bot7140791741:AAFklhqVhhZVDxRSbOFoHH5B4-fE6eipQfg/getUpdates "HTTP/1.1 200 OK"
2024-04-22 14:26:09,677 - INFO - HTTP Request: POST https://api.telegram.org/bot7140791741:AAFklhqVhhZVDxRSbOFoHH5B4-fE6eipQfg/getUpdates "HTTP/1.1 200 OK"
2024-04-22 14:26:19,767 - INFO - HTTP Request: POST https://api.telegram.org/bot7140791741:AAFklhqVhhZVDxRSbOFoHH5B4-fE6eipQfg/getUpdates "HTTP/1.1 200 OK"
2024-04-22 14:26:29,836 - INFO - HTTP Request: POST https://api.telegram.org/bot7140791741:AAFklhqVhhZVDxRSbOFoHH5B4-fE6eipQfg/getUpdates "HTTP/1.1 200 OK"
2024-04-22 14:26:39,905 - INFO - HTTP Request: POST https://api.telegram.org/bot7140791741:AAFklhqVhhZVDxRSbOFoHH5B4-fE6eipQfg/getUpdates "HTTP/1.1 200 OK"
2024-04-22 14:26:49,968 - INFO - HTTP Request: POST https://api.telegram.org/bot7140791741:AAFklhqVhhZVDxRSbOFoHH5B4-fE6eipQfg/getUpdates "HTTP/1.1 200 OK"
2024-04-22 14:27:00,042 - INFO - HTTP Request: POST https://api.telegram.org/bot7140791741:AAFklhqVhhZVDxRSbOFoHH5B4-fE6eipQfg/getUpdates "HTTP/1.1 200 OK"
2024-04-22 14:27:10,108 - INFO - HTTP Request: POST https://api.telegram.org/bot7140791741:AAFklhqVhhZVDxRSbOFoHH5B4-fE6eipQfg/getUpdates "HTTP/1.1 200 OK"
2024-04-22 14:27:20,173 - INFO - HTTP Request: POST https://api.telegram.org/bot7140791741:AAFklhqVhhZVDxRSbOFoHH5B4-fE6eipQfg/getUpdates "HTTP/1.1 200 OK"
2024-04-22 14:27:30,240 - INFO - HTTP Request: POST https://api.telegram.org/bot7140791741:AAFklhqVhhZVDxRSbOFoHH5B4-fE6eipQfg/getUpdates "HTTP/1.1 200 OK"
2024-04-22 14:27:40,305 - INFO - HTTP Request: POST https://api.telegram.org/bot7140791741:AAFklhqVhhZVDxRSbOFoHH5B4-fE6eipQfg/getUpdates "HTTP/1.1 200 OK"
2024-04-22 14:27:50,373 - INFO - HTTP Request: POST https://api.telegram.org/bot7140791741:AAFklhqVhhZVDxRSbOFoHH5B4-fE6eipQfg/getUpdates "HTTP/1.1 200 OK"
2024-04-22 14:28:00,440 - INFO - HTTP Request: POST https://api.telegram.org/bot7140791741:AAFklhqVhhZVDxRSbOFoHH5B4-fE6eipQfg/getUpdates "HTTP/1.1 200 OK"
2024-04-22 14:28:10,503 - INFO - HTTP Request: POST https://api.telegram.org/bot7140791741:AAFklhqVhhZVDxRSbOFoHH5B4-fE6eipQfg/getUpdates "HTTP/1.1 200 OK"
2024-04-22 14:28:20,566 - INFO - HTTP Request: POST https://api.telegram.org/bot7140791741:AAFklhqVhhZVDxRSbOFoHH5B4-fE6eipQfg/getUpdates "HTTP/1.1 200 OK"
2024-04-22 14:28:30,632 - INFO - HTTP Request: POST https://api.telegram.org/bot7140791741:AAFklhqVhhZVDxRSbOFoHH5B4-fE6eipQfg/getUpdates "HTTP/1.1 200 OK"
2024-04-22 14:28:40,697 - INFO - HTTP Request: POST https://api.telegram.org/bot7140791741:AAFklhqVhhZVDxRSbOFoHH5B4-fE6eipQfg/getUpdates "HTTP/1.1 200 OK"
2024-04-22 14:28:50,761 - INFO - HTTP Request: POST https://api.telegram.org/bot7140791741:AAFklhqVhhZVDxRSbOFoHH5B4-fE6eipQfg/getUpdates "HTTP/1.1 200 OK"
2024-04-22 14:29:00,833 - INFO - HTTP Request: POST https://api.telegram.org/bot7140791741:AAFklhqVhhZVDxRSbOFoHH5B4-fE6eipQfg/getUpdates "HTTP/1.1 200 OK"
2024-04-22 14:29:10,898 - INFO - HTTP Request: POST https://api.telegram.org/bot7140791741:AAFklhqVhhZVDxRSbOFoHH5B4-fE6eipQfg/getUpdates "HTTP/1.1 200 OK"
2024-04-22 14:29:20,959 - INFO - HTTP Request: POST https://api.telegram.org/bot7140791741:AAFklhqVhhZVDxRSbOFoHH5B4-fE6eipQfg/getUpdates "HTTP/1.1 200 OK"
2024-04-22 14:29:31,025 - INFO - HTTP Request: POST https://api.telegram.org/bot7140791741:AAFklhqVhhZVDxRSbOFoHH5B4-fE6eipQfg/getUpdates "HTTP/1.1 200 OK"
2024-04-22 14:29:41,089 - INFO - HTTP Request: POST https://api.telegram.org/bot7140791741:AAFklhqVhhZVDxRSbOFoHH5B4-fE6eipQfg/getUpdates "HTTP/1.1 200 OK"
2024-04-22 14:29:51,154 - INFO - HTTP Request: POST https://api.telegram.org/bot7140791741:AAFklhqVhhZVDxRSbOFoHH5B4-fE6eipQfg/getUpdates "HTTP/1.1 200 OK"
2024-04-22 14:30:01,222 - INFO - HTTP Request: POST https://api.telegram.org/bot7140791741:AAFklhqVhhZVDxRSbOFoHH5B4-fE6eipQfg/getUpdates "HTTP/1.1 200 OK"
2024-04-22 14:30:11,286 - INFO - HTTP Request: POST https://api.telegram.org/bot7140791741:AAFklhqVhhZVDxRSbOFoHH5B4-fE6eipQfg/getUpdates "HTTP/1.1 200 OK"
2024-04-22 14:30:21,350 - INFO - HTTP Request: POST https://api.telegram.org/bot7140791741:AAFklhqVhhZVDxRSbOFoHH5B4-fE6eipQfg/getUpdates "HTTP/1.1 200 OK"
2024-04-22 14:30:31,416 - INFO - HTTP Request: POST https://api.telegram.org/bot7140791741:AAFklhqVhhZVDxRSbOFoHH5B4-fE6eipQfg/getUpdates "HTTP/1.1 200 OK"
2024-04-22 14:30:41,479 - INFO - HTTP Request: POST https://api.telegram.org/bot7140791741:AAFklhqVhhZVDxRSbOFoHH5B4-fE6eipQfg/getUpdates "HTTP/1.1 200 OK"
2024-04-22 14:30:51,545 - INFO - HTTP Request: POST https://api.telegram.org/bot7140791741:AAFklhqVhhZVDxRSbOFoHH5B4-fE6eipQfg/getUpdates "HTTP/1.1 200 OK"
2024-04-22 14:31:02,135 - INFO - HTTP Request: POST https://api.telegram.org/bot7140791741:AAFklhqVhhZVDxRSbOFoHH5B4-fE6eipQfg/getUpdates "HTTP/1.1 200 OK"
2024-04-22 14:31:12,199 - INFO - HTTP Request: POST https://api.telegram.org/bot7140791741:AAFklhqVhhZVDxRSbOFoHH5B4-fE6eipQfg/getUpdates "HTTP/1.1 200 OK"
2024-04-22 14:31:22,261 - INFO - HTTP Request: POST https://api.telegram.org/bot7140791741:AAFklhqVhhZVDxRSbOFoHH5B4-fE6eipQfg/getUpdates "HTTP/1.1 200 OK"
2024-04-22 14:31:32,325 - INFO - HTTP Request: POST https://api.telegram.org/bot7140791741:AAFklhqVhhZVDxRSbOFoHH5B4-fE6eipQfg/getUpdates "HTTP/1.1 200 OK"
2024-04-22 14:31:42,389 - INFO - HTTP Request: POST https://api.telegram.org/bot7140791741:AAFklhqVhhZVDxRSbOFoHH5B4-fE6eipQfg/getUpdates "HTTP/1.1 200 OK"
2024-04-22 14:31:52,455 - INFO - HTTP Request: POST https://api.telegram.org/bot7140791741:AAFklhqVhhZVDxRSbOFoHH5B4-fE6eipQfg/getUpdates "HTTP/1.1 200 OK"
2024-04-22 14:32:02,517 - INFO - HTTP Request: POST https://api.telegram.org/bot7140791741:AAFklhqVhhZVDxRSbOFoHH5B4-fE6eipQfg/getUpdates "HTTP/1.1 200 OK"
2024-04-22 14:32:12,581 - INFO - HTTP Request: POST https://api.telegram.org/bot7140791741:AAFklhqVhhZVDxRSbOFoHH5B4-fE6eipQfg/getUpdates "HTTP/1.1 200 OK"
2024-04-22 14:32:22,648 - INFO - HTTP Request: POST https://api.telegram.org/bot7140791741:AAFklhqVhhZVDxRSbOFoHH5B4-fE6eipQfg/getUpdates "HTTP/1.1 200 OK"
2024-04-22 14:32:32,719 - INFO - HTTP Request: POST https://api.telegram.org/bot7140791741:AAFklhqVhhZVDxRSbOFoHH5B4-fE6eipQfg/getUpdates "HTTP/1.1 200 OK"
2024-04-22 14:32:42,785 - INFO - HTTP Request: POST https://api.telegram.org/bot7140791741:AAFklhqVhhZVDxRSbOFoHH5B4-fE6eipQfg/getUpdates "HTTP/1.1 200 OK"
2024-04-22 14:32:52,850 - INFO - HTTP Request: POST https://api.telegram.org/bot7140791741:AAFklhqVhhZVDxRSbOFoHH5B4-fE6eipQfg/getUpdates "HTTP/1.1 200 OK"
2024-04-22 14:33:02,913 - INFO - HTTP Request: POST https://api.telegram.org/bot7140791741:AAFklhqVhhZVDxRSbOFoHH5B4-fE6eipQfg/getUpdates "HTTP/1.1 200 OK"
2024-04-22 14:33:12,977 - INFO - HTTP Request: POST https://api.telegram.org/bot7140791741:AAFklhqVhhZVDxRSbOFoHH5B4-fE6eipQfg/getUpdates "HTTP/1.1 200 OK"
2024-04-22 14:33:23,040 - INFO - HTTP Request: POST https://api.telegram.org/bot7140791741:AAFklhqVhhZVDxRSbOFoHH5B4-fE6eipQfg/getUpdates "HTTP/1.1 200 OK"
2024-04-22 14:33:33,104 - INFO - HTTP Request: POST https://api.telegram.org/bot7140791741:AAFklhqVhhZVDxRSbOFoHH5B4-fE6eipQfg/getUpdates "HTTP/1.1 200 OK"
2024-04-22 14:33:43,167 - INFO - HTTP Request: POST https://api.telegram.org/bot7140791741:AAFklhqVhhZVDxRSbOFoHH5B4-fE6eipQfg/getUpdates "HTTP/1.1 200 OK"
2024-04-22 14:33:53,251 - INFO - HTTP Request: POST https://api.telegram.org/bot7140791741:AAFklhqVhhZVDxRSbOFoHH5B4-fE6eipQfg/getUpdates "HTTP/1.1 200 OK"
2024-04-22 14:34:03,318 - INFO - HTTP Request: POST https://api.telegram.org/bot7140791741:AAFklhqVhhZVDxRSbOFoHH5B4-fE6eipQfg/getUpdates "HTTP/1.1 200 OK"
2024-04-22 14:34:13,380 - INFO - HTTP Request: POST https://api.telegram.org/bot7140791741:AAFklhqVhhZVDxRSbOFoHH5B4-fE6eipQfg/getUpdates "HTTP/1.1 200 OK"
2024-04-22 14:34:23,445 - INFO - HTTP Request: POST https://api.telegram.org/bot7140791741:AAFklhqVhhZVDxRSbOFoHH5B4-fE6eipQfg/getUpdates "HTTP/1.1 200 OK"
2024-04-22 14:34:33,515 - INFO - HTTP Request: POST https://api.telegram.org/bot7140791741:AAFklhqVhhZVDxRSbOFoHH5B4-fE6eipQfg/getUpdates "HTTP/1.1 200 OK"
2024-04-22 14:34:43,584 - INFO - HTTP Request: POST https://api.telegram.org/bot7140791741:AAFklhqVhhZVDxRSbOFoHH5B4-fE6eipQfg/getUpdates "HTTP/1.1 200 OK"
2024-04-22 14:34:53,651 - INFO - HTTP Request: POST https://api.telegram.org/bot7140791741:AAFklhqVhhZVDxRSbOFoHH5B4-fE6eipQfg/getUpdates "HTTP/1.1 200 OK"
2024-04-22 14:35:03,716 - INFO - HTTP Request: POST https://api.telegram.org/bot7140791741:AAFklhqVhhZVDxRSbOFoHH5B4-fE6eipQfg/getUpdates "HTTP/1.1 200 OK"
2024-04-22 14:35:13,793 - INFO - HTTP Request: POST https://api.telegram.org/bot7140791741:AAFklhqVhhZVDxRSbOFoHH5B4-fE6eipQfg/getUpdates "HTTP/1.1 200 OK"
2024-04-22 14:35:23,856 - INFO - HTTP Request: POST https://api.telegram.org/bot7140791741:AAFklhqVhhZVDxRSbOFoHH5B4-fE6eipQfg/getUpdates "HTTP/1.1 200 OK"
2024-04-22 14:35:33,918 - INFO - HTTP Request: POST https://api.telegram.org/bot7140791741:AAFklhqVhhZVDxRSbOFoHH5B4-fE6eipQfg/getUpdates "HTTP/1.1 200 OK"
2024-04-22 14:35:43,983 - INFO - HTTP Request: POST https://api.telegram.org/bot7140791741:AAFklhqVhhZVDxRSbOFoHH5B4-fE6eipQfg/getUpdates "HTTP/1.1 200 OK"
2024-04-22 14:35:54,051 - INFO - HTTP Request: POST https://api.telegram.org/bot7140791741:AAFklhqVhhZVDxRSbOFoHH5B4-fE6eipQfg/getUpdates "HTTP/1.1 200 OK"
2024-04-22 14:36:04,116 - INFO - HTTP Request: POST https://api.telegram.org/bot7140791741:AAFklhqVhhZVDxRSbOFoHH5B4-fE6eipQfg/getUpdates "HTTP/1.1 200 OK"
2024-04-22 14:36:14,184 - INFO - HTTP Request: POST https://api.telegram.org/bot7140791741:AAFklhqVhhZVDxRSbOFoHH5B4-fE6eipQfg/getUpdates "HTTP/1.1 200 OK"
2024-04-22 14:36:24,248 - INFO - HTTP Request: POST https://api.telegram.org/bot7140791741:AAFklhqVhhZVDxRSbOFoHH5B4-fE6eipQfg/getUpdates "HTTP/1.1 200 OK"
2024-04-22 14:36:34,316 - INFO - HTTP Request: POST https://api.telegram.org/bot7140791741:AAFklhqVhhZVDxRSbOFoHH5B4-fE6eipQfg/getUpdates "HTTP/1.1 200 OK"
2024-04-22 14:36:44,379 - INFO - HTTP Request: POST https://api.telegram.org/bot7140791741:AAFklhqVhhZVDxRSbOFoHH5B4-fE6eipQfg/getUpdates "HTTP/1.1 200 OK"
2024-04-22 14:36:54,442 - INFO - HTTP Request: POST https://api.telegram.org/bot7140791741:AAFklhqVhhZVDxRSbOFoHH5B4-fE6eipQfg/getUpdates "HTTP/1.1 200 OK"
2024-04-22 14:37:04,507 - INFO - HTTP Request: POST https://api.telegram.org/bot7140791741:AAFklhqVhhZVDxRSbOFoHH5B4-fE6eipQfg/getUpdates "HTTP/1.1 200 OK"
2024-04-22 14:37:14,762 - INFO - HTTP Request: POST https://api.telegram.org/bot7140791741:AAFklhqVhhZVDxRSbOFoHH5B4-fE6eipQfg/getUpdates "HTTP/1.1 200 OK"
2024-04-22 14:37:24,826 - INFO - HTTP Request: POST https://api.telegram.org/bot7140791741:AAFklhqVhhZVDxRSbOFoHH5B4-fE6eipQfg/getUpdates "HTTP/1.1 200 OK"
2024-04-22 14:37:34,889 - INFO - HTTP Request: POST https://api.telegram.org/bot7140791741:AAFklhqVhhZVDxRSbOFoHH5B4-fE6eipQfg/getUpdates "HTTP/1.1 200 OK"
2024-04-22 14:37:44,950 - INFO - HTTP Request: POST https://api.telegram.org/bot7140791741:AAFklhqVhhZVDxRSbOFoHH5B4-fE6eipQfg/getUpdates "HTTP/1.1 200 OK"
2024-04-22 14:37:55,012 - INFO - HTTP Request: POST https://api.telegram.org/bot7140791741:AAFklhqVhhZVDxRSbOFoHH5B4-fE6eipQfg/getUpdates "HTTP/1.1 200 OK"
2024-04-22 14:38:05,075 - INFO - HTTP Request: POST https://api.telegram.org/bot7140791741:AAFklhqVhhZVDxRSbOFoHH5B4-fE6eipQfg/getUpdates "HTTP/1.1 200 OK"
2024-04-22 14:38:15,138 - INFO - HTTP Request: POST https://api.telegram.org/bot7140791741:AAFklhqVhhZVDxRSbOFoHH5B4-fE6eipQfg/getUpdates "HTTP/1.1 200 OK"
2024-04-22 14:38:25,201 - INFO - HTTP Request: POST https://api.telegram.org/bot7140791741:AAFklhqVhhZVDxRSbOFoHH5B4-fE6eipQfg/getUpdates "HTTP/1.1 200 OK"
2024-04-22 14:38:35,265 - INFO - HTTP Request: POST https://api.telegram.org/bot7140791741:AAFklhqVhhZVDxRSbOFoHH5B4-fE6eipQfg/getUpdates "HTTP/1.1 200 OK"
2024-04-22 14:38:45,328 - INFO - HTTP Request: POST https://api.telegram.org/bot7140791741:AAFklhqVhhZVDxRSbOFoHH5B4-fE6eipQfg/getUpdates "HTTP/1.1 200 OK"
2024-04-22 14:38:55,390 - INFO - HTTP Request: POST https://api.telegram.org/bot7140791741:AAFklhqVhhZVDxRSbOFoHH5B4-fE6eipQfg/getUpdates "HTTP/1.1 200 OK"
2024-04-22 14:39:03,252 - INFO - HTTP Request: POST https://api.telegram.org/bot7140791741:AAFklhqVhhZVDxRSbOFoHH5B4-fE6eipQfg/getUpdates "HTTP/1.1 200 OK"
2024-04-22 14:39:03,609 - INFO - HTTP Request: POST https://api.telegram.org/bot7140791741:AAFklhqVhhZVDxRSbOFoHH5B4-fE6eipQfg/sendMessage "HTTP/1.1 200 OK"
2024-04-22 14:39:03,611 - INFO - Пользователь Mozzich запросил список очереди.
2024-04-22 14:39:13,317 - INFO - HTTP Request: POST https://api.telegram.org/bot7140791741:AAFklhqVhhZVDxRSbOFoHH5B4-fE6eipQfg/getUpdates "HTTP/1.1 200 OK"
2024-04-22 14:39:20,690 - INFO - HTTP Request: POST https://api.telegram.org/bot7140791741:AAFklhqVhhZVDxRSbOFoHH5B4-fE6eipQfg/getUpdates "HTTP/1.1 200 OK"
2024-04-22 14:39:22,011 - INFO - HTTP Request: POST https://api.telegram.org/bot7140791741:AAFklhqVhhZVDxRSbOFoHH5B4-fE6eipQfg/sendMessage "HTTP/1.1 200 OK"
2024-04-22 14:39:22,013 - INFO - Пользователь Mozzich запросил список белого списка.
2024-04-22 14:39:30,762 - INFO - HTTP Request: POST https://api.telegram.org/bot7140791741:AAFklhqVhhZVDxRSbOFoHH5B4-fE6eipQfg/getUpdates "HTTP/1.1 200 OK"
2024-04-22 14:39:40,825 - INFO - HTTP Request: POST https://api.telegram.org/bot7140791741:AAFklhqVhhZVDxRSbOFoHH5B4-fE6eipQfg/getUpdates "HTTP/1.1 200 OK"
2024-04-22 14:39:50,888 - INFO - HTTP Request: POST https://api.telegram.org/bot7140791741:AAFklhqVhhZVDxRSbOFoHH5B4-fE6eipQfg/getUpdates "HTTP/1.1 200 OK"
2024-04-22 14:40:00,950 - INFO - HTTP Request: POST https://api.telegram.org/bot7140791741:AAFklhqVhhZVDxRSbOFoHH5B4-fE6eipQfg/getUpdates "HTTP/1.1 200 OK"
2024-04-22 14:40:11,014 - INFO - HTTP Request: POST https://api.telegram.org/bot7140791741:AAFklhqVhhZVDxRSbOFoHH5B4-fE6eipQfg/getUpdates "HTTP/1.1 200 OK"
2024-04-22 14:40:21,076 - INFO - HTTP Request: POST https://api.telegram.org/bot7140791741:AAFklhqVhhZVDxRSbOFoHH5B4-fE6eipQfg/getUpdates "HTTP/1.1 200 OK"
2024-04-22 14:40:31,139 - INFO - HTTP Request: POST https://api.telegram.org/bot7140791741:AAFklhqVhhZVDxRSbOFoHH5B4-fE6eipQfg/getUpdates "HTTP/1.1 200 OK"
2024-04-22 14:40:41,203 - INFO - HTTP Request: POST https://api.telegram.org/bot7140791741:AAFklhqVhhZVDxRSbOFoHH5B4-fE6eipQfg/getUpdates "HTTP/1.1 200 OK"
2024-04-22 14:40:51,266 - INFO - HTTP Request: POST https://api.telegram.org/bot7140791741:AAFklhqVhhZVDxRSbOFoHH5B4-fE6eipQfg/getUpdates "HTTP/1.1 200 OK"
2024-04-22 14:41:01,329 - INFO - HTTP Request: POST https://api.telegram.org/bot7140791741:AAFklhqVhhZVDxRSbOFoHH5B4-fE6eipQfg/getUpdates "HTTP/1.1 200 OK"
2024-04-22 14:41:02,830 - INFO - HTTP Request: POST https://api.telegram.org/bot7140791741:AAFklhqVhhZVDxRSbOFoHH5B4-fE6eipQfg/getUpdates "HTTP/1.1 200 OK"
2024-04-22 14:41:03,099 - INFO - HTTP Request: POST https://api.telegram.org/bot7140791741:AAFklhqVhhZVDxRSbOFoHH5B4-fE6eipQfg/sendMessage "HTTP/1.1 200 OK"
2024-04-22 14:41:06,449 - INFO - Scheduler has been shut down
2024-04-22 14:41:08,100 - INFO - HTTP Request: POST https://api.telegram.org/bot7140791741:AAFklhqVhhZVDxRSbOFoHH5B4-fE6eipQfg/getMe "HTTP/1.1 200 OK"
2024-04-22 14:41:08,164 - INFO - HTTP Request: POST https://api.telegram.org/bot7140791741:AAFklhqVhhZVDxRSbOFoHH5B4-fE6eipQfg/deleteWebhook "HTTP/1.1 200 OK"
2024-04-22 14:41:08,168 - INFO - Scheduler started
2024-04-22 14:41:18,394 - INFO - HTTP Request: POST https://api.telegram.org/bot7140791741:AAFklhqVhhZVDxRSbOFoHH5B4-fE6eipQfg/getUpdates "HTTP/1.1 200 OK"
2024-04-22 14:41:21,247 - INFO - HTTP Request: POST https://api.telegram.org/bot7140791741:AAFklhqVhhZVDxRSbOFoHH5B4-fE6eipQfg/getUpdates "HTTP/1.1 200 OK"
2024-04-22 14:41:22,162 - INFO - HTTP Request: POST https://api.telegram.org/bot7140791741:AAFklhqVhhZVDxRSbOFoHH5B4-fE6eipQfg/sendMessage "HTTP/1.1 200 OK"
2024-04-22 14:41:22,163 - INFO - Пользователь semp4iii добавлен с уровнем доступа Полный доступ пользователем Mozzich
2024-04-22 14:41:24,688 - INFO - HTTP Request: POST https://api.telegram.org/bot7140791741:AAFklhqVhhZVDxRSbOFoHH5B4-fE6eipQfg/getUpdates "HTTP/1.1 200 OK"
2024-04-22 14:41:25,646 - INFO - HTTP Request: POST https://api.telegram.org/bot7140791741:AAFklhqVhhZVDxRSbOFoHH5B4-fE6eipQfg/sendMessage "HTTP/1.1 200 OK"
2024-04-22 14:41:25,650 - INFO - Пользователь Mozzich запросил список белого списка.
2024-04-22 14:41:34,789 - INFO - HTTP Request: POST https://api.telegram.org/bot7140791741:AAFklhqVhhZVDxRSbOFoHH5B4-fE6eipQfg/getUpdates "HTTP/1.1 200 OK"
2024-04-22 14:41:39,554 - INFO - HTTP Request: POST https://api.telegram.org/bot7140791741:AAFklhqVhhZVDxRSbOFoHH5B4-fE6eipQfg/getUpdates "HTTP/1.1 200 OK"
2024-04-22 14:41:39,832 - INFO - HTTP Request: POST https://api.telegram.org/bot7140791741:AAFklhqVhhZVDxRSbOFoHH5B4-fE6eipQfg/sendMessage "HTTP/1.1 200 OK"
2024-04-22 14:41:49,623 - INFO - HTTP Request: POST https://api.telegram.org/bot7140791741:AAFklhqVhhZVDxRSbOFoHH5B4-fE6eipQfg/getUpdates "HTTP/1.1 200 OK"
2024-04-22 14:41:55,476 - INFO - HTTP Request: POST https://api.telegram.org/bot7140791741:AAFklhqVhhZVDxRSbOFoHH5B4-fE6eipQfg/getUpdates "HTTP/1.1 200 OK"
2024-04-22 14:41:55,722 - INFO - HTTP Request: POST https://api.telegram.org/bot7140791741:AAFklhqVhhZVDxRSbOFoHH5B4-fE6eipQfg/sendMessage "HTTP/1.1 200 OK"
2024-04-22 14:42:05,547 - INFO - HTTP Request: POST https://api.telegram.org/bot7140791741:AAFklhqVhhZVDxRSbOFoHH5B4-fE6eipQfg/getUpdates "HTTP/1.1 200 OK"
2024-04-22 14:42:08,018 - INFO - HTTP Request: POST https://api.telegram.org/bot7140791741:AAFklhqVhhZVDxRSbOFoHH5B4-fE6eipQfg/getUpdates "HTTP/1.1 200 OK"
2024-04-22 14:42:08,307 - INFO - HTTP Request: POST https://api.telegram.org/bot7140791741:AAFklhqVhhZVDxRSbOFoHH5B4-fE6eipQfg/sendMessage "HTTP/1.1 200 OK"
2024-04-22 14:42:08,309 - INFO - Пользователь Mozzich пытался удалить пользователя @semp4iii
2024-04-22 14:42:18,092 - INFO - HTTP Request: POST https://api.telegram.org/bot7140791741:AAFklhqVhhZVDxRSbOFoHH5B4-fE6eipQfg/getUpdates "HTTP/1.1 200 OK"
2024-04-22 14:42:28,166 - INFO - HTTP Request: POST https://api.telegram.org/bot7140791741:AAFklhqVhhZVDxRSbOFoHH5B4-fE6eipQfg/getUpdates "HTTP/1.1 200 OK"
2024-04-22 14:42:38,252 - INFO - HTTP Request: POST https://api.telegram.org/bot7140791741:AAFklhqVhhZVDxRSbOFoHH5B4-fE6eipQfg/getUpdates "HTTP/1.1 200 OK"
2024-04-22 14:42:48,318 - INFO - HTTP Request: POST https://api.telegram.org/bot7140791741:AAFklhqVhhZVDxRSbOFoHH5B4-fE6eipQfg/getUpdates "HTTP/1.1 200 OK"
2024-04-22 14:42:58,379 - INFO - HTTP Request: POST https://api.telegram.org/bot7140791741:AAFklhqVhhZVDxRSbOFoHH5B4-fE6eipQfg/getUpdates "HTTP/1.1 200 OK"
2024-04-22 14:43:08,443 - INFO - HTTP Request: POST https://api.telegram.org/bot7140791741:AAFklhqVhhZVDxRSbOFoHH5B4-fE6eipQfg/getUpdates "HTTP/1.1 200 OK"
2024-04-22 14:43:18,510 - INFO - HTTP Request: POST https://api.telegram.org/bot7140791741:AAFklhqVhhZVDxRSbOFoHH5B4-fE6eipQfg/getUpdates "HTTP/1.1 200 OK"
2024-04-22 14:43:28,573 - INFO - HTTP Request: POST https://api.telegram.org/bot7140791741:AAFklhqVhhZVDxRSbOFoHH5B4-fE6eipQfg/getUpdates "HTTP/1.1 200 OK"
2024-04-22 14:43:38,641 - INFO - HTTP Request: POST https://api.telegram.org/bot7140791741:AAFklhqVhhZVDxRSbOFoHH5B4-fE6eipQfg/getUpdates "HTTP/1.1 200 OK"
2024-04-22 14:43:48,713 - INFO - HTTP Request: POST https://api.telegram.org/bot7140791741:AAFklhqVhhZVDxRSbOFoHH5B4-fE6eipQfg/getUpdates "HTTP/1.1 200 OK"
2024-04-22 14:43:58,778 - INFO - HTTP Request: POST https://api.telegram.org/bot7140791741:AAFklhqVhhZVDxRSbOFoHH5B4-fE6eipQfg/getUpdates "HTTP/1.1 200 OK"
2024-04-22 14:44:08,843 - INFO - HTTP Request: POST https://api.telegram.org/bot7140791741:AAFklhqVhhZVDxRSbOFoHH5B4-fE6eipQfg/getUpdates "HTTP/1.1 200 OK"
2024-04-22 14:44:18,917 - INFO - HTTP Request: POST https://api.telegram.org/bot7140791741:AAFklhqVhhZVDxRSbOFoHH5B4-fE6eipQfg/getUpdates "HTTP/1.1 200 OK"
2024-04-22 14:44:28,982 - INFO - HTTP Request: POST https://api.telegram.org/bot7140791741:AAFklhqVhhZVDxRSbOFoHH5B4-fE6eipQfg/getUpdates "HTTP/1.1 200 OK"
2024-04-22 14:44:39,056 - INFO - HTTP Request: POST https://api.telegram.org/bot7140791741:AAFklhqVhhZVDxRSbOFoHH5B4-fE6eipQfg/getUpdates "HTTP/1.1 200 OK"
2024-04-22 14:44:49,129 - INFO - HTTP Request: POST https://api.telegram.org/bot7140791741:AAFklhqVhhZVDxRSbOFoHH5B4-fE6eipQfg/getUpdates "HTTP/1.1 200 OK"
2024-04-22 14:44:59,199 - INFO - HTTP Request: POST https://api.telegram.org/bot7140791741:AAFklhqVhhZVDxRSbOFoHH5B4-fE6eipQfg/getUpdates "HTTP/1.1 200 OK"
2024-04-22 14:45:09,265 - INFO - HTTP Request: POST https://api.telegram.org/bot7140791741:AAFklhqVhhZVDxRSbOFoHH5B4-fE6eipQfg/getUpdates "HTTP/1.1 200 OK"
2024-04-22 14:45:19,331 - INFO - HTTP Request: POST https://api.telegram.org/bot7140791741:AAFklhqVhhZVDxRSbOFoHH5B4-fE6eipQfg/getUpdates "HTTP/1.1 200 OK"
2024-04-22 14:45:29,400 - INFO - HTTP Request: POST https://api.telegram.org/bot7140791741:AAFklhqVhhZVDxRSbOFoHH5B4-fE6eipQfg/getUpdates "HTTP/1.1 200 OK"
2024-04-22 14:45:39,466 - INFO - HTTP Request: POST https://api.telegram.org/bot7140791741:AAFklhqVhhZVDxRSbOFoHH5B4-fE6eipQfg/getUpdates "HTTP/1.1 200 OK"
2024-04-22 14:45:40,496 - INFO - Scheduler has been shut down
2024-04-22 14:45:42,155 - INFO - HTTP Request: POST https://api.telegram.org/bot7140791741:AAFklhqVhhZVDxRSbOFoHH5B4-fE6eipQfg/getMe "HTTP/1.1 200 OK"
2024-04-22 14:45:42,214 - INFO - HTTP Request: POST https://api.telegram.org/bot7140791741:AAFklhqVhhZVDxRSbOFoHH5B4-fE6eipQfg/deleteWebhook "HTTP/1.1 200 OK"
2024-04-22 14:45:42,215 - INFO - Scheduler started
2024-04-22 14:45:45,871 - INFO - HTTP Request: POST https://api.telegram.org/bot7140791741:AAFklhqVhhZVDxRSbOFoHH5B4-fE6eipQfg/getUpdates "HTTP/1.1 200 OK"
2024-04-22 14:45:46,056 - INFO - HTTP Request: POST https://api.telegram.org/bot7140791741:AAFklhqVhhZVDxRSbOFoHH5B4-fE6eipQfg/sendMessage "HTTP/1.1 200 OK"
2024-04-22 14:45:46,058 - INFO - Пользователь Mozzich запросил список белого списка.
2024-04-22 14:45:56,012 - INFO - HTTP Request: POST https://api.telegram.org/bot7140791741:AAFklhqVhhZVDxRSbOFoHH5B4-fE6eipQfg/getUpdates "HTTP/1.1 200 OK"
2024-04-22 14:46:01,197 - INFO - HTTP Request: POST https://api.telegram.org/bot7140791741:AAFklhqVhhZVDxRSbOFoHH5B4-fE6eipQfg/getUpdates "HTTP/1.1 200 OK"
2024-04-22 14:46:01,460 - INFO - HTTP Request: POST https://api.telegram.org/bot7140791741:AAFklhqVhhZVDxRSbOFoHH5B4-fE6eipQfg/sendMessage "HTTP/1.1 200 OK"
2024-04-22 14:46:01,462 - INFO - Пользователь Mozzich пытался удалить пользователя @semp4iii
2024-04-22 14:46:11,289 - INFO - HTTP Request: POST https://api.telegram.org/bot7140791741:AAFklhqVhhZVDxRSbOFoHH5B4-fE6eipQfg/getUpdates "HTTP/1.1 200 OK"
2024-04-22 14:46:17,272 - INFO - Scheduler has been shut down
2024-04-22 14:46:19,324 - INFO - HTTP Request: POST https://api.telegram.org/bot7140791741:AAFklhqVhhZVDxRSbOFoHH5B4-fE6eipQfg/getMe "HTTP/1.1 200 OK"
2024-04-22 14:46:19,387 - INFO - HTTP Request: POST https://api.telegram.org/bot7140791741:AAFklhqVhhZVDxRSbOFoHH5B4-fE6eipQfg/deleteWebhook "HTTP/1.1 200 OK"
2024-04-22 14:46:19,390 - INFO - Scheduler started
2024-04-22 14:46:24,971 - INFO - HTTP Request: POST https://api.telegram.org/bot7140791741:AAFklhqVhhZVDxRSbOFoHH5B4-fE6eipQfg/getUpdates "HTTP/1.1 200 OK"
2024-04-22 14:46:25,232 - INFO - HTTP Request: POST https://api.telegram.org/bot7140791741:AAFklhqVhhZVDxRSbOFoHH5B4-fE6eipQfg/sendMessage "HTTP/1.1 200 OK"
2024-04-22 14:46:25,234 - INFO - Пользователь Mozzich запросил список белого списка.
2024-04-22 14:46:35,051 - INFO - HTTP Request: POST https://api.telegram.org/bot7140791741:AAFklhqVhhZVDxRSbOFoHH5B4-fE6eipQfg/getUpdates "HTTP/1.1 200 OK"
2024-04-22 14:46:36,635 - INFO - HTTP Request: POST https://api.telegram.org/bot7140791741:AAFklhqVhhZVDxRSbOFoHH5B4-fE6eipQfg/getUpdates "HTTP/1.1 200 OK"
2024-04-22 14:46:36,894 - INFO - HTTP Request: POST https://api.telegram.org/bot7140791741:AAFklhqVhhZVDxRSbOFoHH5B4-fE6eipQfg/sendMessage "HTTP/1.1 200 OK"
2024-04-22 14:46:36,896 - INFO - Пользователь Mozzich пытался удалить пользователя @semp4iii
2024-04-22 14:46:46,716 - INFO - HTTP Request: POST https://api.telegram.org/bot7140791741:AAFklhqVhhZVDxRSbOFoHH5B4-fE6eipQfg/getUpdates "HTTP/1.1 200 OK"
2024-04-22 14:46:52,944 - INFO - Scheduler has been shut down
2024-04-22 14:46:54,418 - INFO - HTTP Request: POST https://api.telegram.org/bot7140791741:AAFklhqVhhZVDxRSbOFoHH5B4-fE6eipQfg/getMe "HTTP/1.1 200 OK"
2024-04-22 14:46:54,487 - INFO - HTTP Request: POST https://api.telegram.org/bot7140791741:AAFklhqVhhZVDxRSbOFoHH5B4-fE6eipQfg/deleteWebhook "HTTP/1.1 200 OK"
2024-04-22 14:46:54,490 - INFO - Scheduler started
2024-04-22 14:46:59,326 - INFO - HTTP Request: POST https://api.telegram.org/bot7140791741:AAFklhqVhhZVDxRSbOFoHH5B4-fE6eipQfg/getUpdates "HTTP/1.1 200 OK"
2024-04-22 14:46:59,444 - INFO - HTTP Request: POST https://api.telegram.org/bot7140791741:AAFklhqVhhZVDxRSbOFoHH5B4-fE6eipQfg/sendMessage "HTTP/1.1 200 OK"
2024-04-22 14:46:59,447 - INFO - Пользователь Mozzich запросил список белого списка.
2024-04-22 14:47:09,405 - INFO - HTTP Request: POST https://api.telegram.org/bot7140791741:AAFklhqVhhZVDxRSbOFoHH5B4-fE6eipQfg/getUpdates "HTTP/1.1 200 OK"
2024-04-22 14:47:09,717 - INFO - HTTP Request: POST https://api.telegram.org/bot7140791741:AAFklhqVhhZVDxRSbOFoHH5B4-fE6eipQfg/getUpdates "HTTP/1.1 200 OK"
2024-04-22 14:47:10,127 - INFO - HTTP Request: POST https://api.telegram.org/bot7140791741:AAFklhqVhhZVDxRSbOFoHH5B4-fE6eipQfg/sendMessage "HTTP/1.1 200 OK"
2024-04-22 14:47:10,129 - INFO - Пользователь semp4iii удален из белого списка пользователем Mozzich
2024-04-22 14:47:12,506 - INFO - HTTP Request: POST https://api.telegram.org/bot7140791741:AAFklhqVhhZVDxRSbOFoHH5B4-fE6eipQfg/getUpdates "HTTP/1.1 200 OK"
2024-04-22 14:47:12,594 - INFO - HTTP Request: POST https://api.telegram.org/bot7140791741:AAFklhqVhhZVDxRSbOFoHH5B4-fE6eipQfg/sendMessage "HTTP/1.1 200 OK"
2024-04-22 14:47:12,596 - INFO - Пользователь Mozzich запросил список белого списка.
2024-04-22 14:47:22,571 - INFO - HTTP Request: POST https://api.telegram.org/bot7140791741:AAFklhqVhhZVDxRSbOFoHH5B4-fE6eipQfg/getUpdates "HTTP/1.1 200 OK"
2024-04-22 14:47:32,635 - INFO - HTTP Request: POST https://api.telegram.org/bot7140791741:AAFklhqVhhZVDxRSbOFoHH5B4-fE6eipQfg/getUpdates "HTTP/1.1 200 OK"
2024-04-22 14:47:42,699 - INFO - HTTP Request: POST https://api.telegram.org/bot7140791741:AAFklhqVhhZVDxRSbOFoHH5B4-fE6eipQfg/getUpdates "HTTP/1.1 200 OK"
2024-04-22 14:47:52,764 - INFO - HTTP Request: POST https://api.telegram.org/bot7140791741:AAFklhqVhhZVDxRSbOFoHH5B4-fE6eipQfg/getUpdates "HTTP/1.1 200 OK"
2024-04-22 14:48:02,825 - INFO - HTTP Request: POST https://api.telegram.org/bot7140791741:AAFklhqVhhZVDxRSbOFoHH5B4-fE6eipQfg/getUpdates "HTTP/1.1 200 OK"
2024-04-22 14:48:12,887 - INFO - HTTP Request: POST https://api.telegram.org/bot7140791741:AAFklhqVhhZVDxRSbOFoHH5B4-fE6eipQfg/getUpdates "HTTP/1.1 200 OK"
2024-04-22 14:48:22,957 - INFO - HTTP Request: POST https://api.telegram.org/bot7140791741:AAFklhqVhhZVDxRSbOFoHH5B4-fE6eipQfg/getUpdates "HTTP/1.1 200 OK"
2024-04-22 14:48:33,033 - INFO - HTTP Request: POST https://api.telegram.org/bot7140791741:AAFklhqVhhZVDxRSbOFoHH5B4-fE6eipQfg/getUpdates "HTTP/1.1 200 OK"
2024-04-22 14:48:43,099 - INFO - HTTP Request: POST https://api.telegram.org/bot7140791741:AAFklhqVhhZVDxRSbOFoHH5B4-fE6eipQfg/getUpdates "HTTP/1.1 200 OK"
2024-04-22 14:48:53,162 - INFO - HTTP Request: POST https://api.telegram.org/bot7140791741:AAFklhqVhhZVDxRSbOFoHH5B4-fE6eipQfg/getUpdates "HTTP/1.1 200 OK"
2024-04-22 14:49:03,224 - INFO - HTTP Request: POST https://api.telegram.org/bot7140791741:AAFklhqVhhZVDxRSbOFoHH5B4-fE6eipQfg/getUpdates "HTTP/1.1 200 OK"
2024-04-22 14:49:13,288 - INFO - HTTP Request: POST https://api.telegram.org/bot7140791741:AAFklhqVhhZVDxRSbOFoHH5B4-fE6eipQfg/getUpdates "HTTP/1.1 200 OK"
2024-04-22 14:49:20,882 - INFO - HTTP Request: POST https://api.telegram.org/bot7140791741:AAFklhqVhhZVDxRSbOFoHH5B4-fE6eipQfg/getUpdates "HTTP/1.1 200 OK"
2024-04-22 14:49:21,237 - INFO - HTTP Request: POST https://api.telegram.org/bot7140791741:AAFklhqVhhZVDxRSbOFoHH5B4-fE6eipQfg/sendMessage "HTTP/1.1 200 OK"
2024-04-22 14:49:21,239 - INFO - Пользователь Mozzich запросил список белого списка.
2024-04-22 14:49:30,944 - INFO - HTTP Request: POST https://api.telegram.org/bot7140791741:AAFklhqVhhZVDxRSbOFoHH5B4-fE6eipQfg/getUpdates "HTTP/1.1 200 OK"
2024-04-22 14:49:34,850 - INFO - HTTP Request: POST https://api.telegram.org/bot7140791741:AAFklhqVhhZVDxRSbOFoHH5B4-fE6eipQfg/getUpdates "HTTP/1.1 200 OK"
2024-04-22 14:49:35,289 - INFO - HTTP Request: POST https://api.telegram.org/bot7140791741:AAFklhqVhhZVDxRSbOFoHH5B4-fE6eipQfg/sendMessage "HTTP/1.1 200 OK"
2024-04-22 14:49:35,291 - INFO - Пользователь semp4iii добавлен с уровнем доступа Полный доступ пользователем Mozzich
2024-04-22 14:49:41,028 - INFO - HTTP Request: POST https://api.telegram.org/bot7140791741:AAFklhqVhhZVDxRSbOFoHH5B4-fE6eipQfg/getUpdates "HTTP/1.1 200 OK"
2024-04-22 14:49:41,267 - INFO - HTTP Request: POST https://api.telegram.org/bot7140791741:AAFklhqVhhZVDxRSbOFoHH5B4-fE6eipQfg/sendMessage "HTTP/1.1 200 OK"
2024-04-22 14:49:41,269 - INFO - Пользователь Mozzich запросил список белого списка.
2024-04-22 14:49:51,093 - INFO - HTTP Request: POST https://api.telegram.org/bot7140791741:AAFklhqVhhZVDxRSbOFoHH5B4-fE6eipQfg/getUpdates "HTTP/1.1 200 OK"
2024-04-22 14:49:53,576 - INFO - HTTP Request: POST https://api.telegram.org/bot7140791741:AAFklhqVhhZVDxRSbOFoHH5B4-fE6eipQfg/getUpdates "HTTP/1.1 200 OK"
2024-04-22 14:49:54,413 - INFO - HTTP Request: POST https://api.telegram.org/bot7140791741:AAFklhqVhhZVDxRSbOFoHH5B4-fE6eipQfg/sendMessage "HTTP/1.1 200 OK"
2024-04-22 14:50:03,646 - INFO - HTTP Request: POST https://api.telegram.org/bot7140791741:AAFklhqVhhZVDxRSbOFoHH5B4-fE6eipQfg/getUpdates "HTTP/1.1 200 OK"
2024-04-22 14:50:11,684 - INFO - HTTP Request: POST https://api.telegram.org/bot7140791741:AAFklhqVhhZVDxRSbOFoHH5B4-fE6eipQfg/getUpdates "HTTP/1.1 200 OK"
2024-04-22 14:50:11,923 - INFO - HTTP Request: POST https://api.telegram.org/bot7140791741:AAFklhqVhhZVDxRSbOFoHH5B4-fE6eipQfg/sendMessage "HTTP/1.1 200 OK"
2024-04-22 14:50:21,751 - INFO - HTTP Request: POST https://api.telegram.org/bot7140791741:AAFklhqVhhZVDxRSbOFoHH5B4-fE6eipQfg/getUpdates "HTTP/1.1 200 OK"
2024-04-22 14:50:31,814 - INFO - HTTP Request: POST https://api.telegram.org/bot7140791741:AAFklhqVhhZVDxRSbOFoHH5B4-fE6eipQfg/getUpdates "HTTP/1.1 200 OK"
2024-04-22 14:50:41,879 - INFO - HTTP Request: POST https://api.telegram.org/bot7140791741:AAFklhqVhhZVDxRSbOFoHH5B4-fE6eipQfg/getUpdates "HTTP/1.1 200 OK"
2024-04-22 14:50:51,943 - INFO - HTTP Request: POST https://api.telegram.org/bot7140791741:AAFklhqVhhZVDxRSbOFoHH5B4-fE6eipQfg/getUpdates "HTTP/1.1 200 OK"
2024-04-22 14:51:02,007 - INFO - HTTP Request: POST https://api.telegram.org/bot7140791741:AAFklhqVhhZVDxRSbOFoHH5B4-fE6eipQfg/getUpdates "HTTP/1.1 200 OK"
2024-04-22 14:51:12,071 - INFO - HTTP Request: POST https://api.telegram.org/bot7140791741:AAFklhqVhhZVDxRSbOFoHH5B4-fE6eipQfg/getUpdates "HTTP/1.1 200 OK"
2024-04-22 14:51:22,134 - INFO - HTTP Request: POST https://api.telegram.org/bot7140791741:AAFklhqVhhZVDxRSbOFoHH5B4-fE6eipQfg/getUpdates "HTTP/1.1 200 OK"
2024-04-22 14:51:32,197 - INFO - HTTP Request: POST https://api.telegram.org/bot7140791741:AAFklhqVhhZVDxRSbOFoHH5B4-fE6eipQfg/getUpdates "HTTP/1.1 200 OK"
2024-04-22 14:51:34,855 - INFO - Scheduler has been shut down
2024-04-22 14:51:36,393 - INFO - HTTP Request: POST https://api.telegram.org/bot7140791741:AAFklhqVhhZVDxRSbOFoHH5B4-fE6eipQfg/getMe "HTTP/1.1 200 OK"
2024-04-22 14:51:36,457 - INFO - HTTP Request: POST https://api.telegram.org/bot7140791741:AAFklhqVhhZVDxRSbOFoHH5B4-fE6eipQfg/deleteWebhook "HTTP/1.1 200 OK"
2024-04-22 14:51:36,461 - INFO - Scheduler started
2024-04-22 14:51:40,336 - INFO - HTTP Request: POST https://api.telegram.org/bot7140791741:AAFklhqVhhZVDxRSbOFoHH5B4-fE6eipQfg/getUpdates "HTTP/1.1 200 OK"
2024-04-22 14:51:40,503 - INFO - HTTP Request: POST https://api.telegram.org/bot7140791741:AAFklhqVhhZVDxRSbOFoHH5B4-fE6eipQfg/sendMessage "HTTP/1.1 200 OK"
2024-04-22 14:51:40,506 - INFO - Пользователь Mozzich запросил список белого списка.
2024-04-22 14:51:50,414 - INFO - HTTP Request: POST https://api.telegram.org/bot7140791741:AAFklhqVhhZVDxRSbOFoHH5B4-fE6eipQfg/getUpdates "HTTP/1.1 200 OK"
2024-04-22 14:51:54,187 - INFO - HTTP Request: POST https://api.telegram.org/bot7140791741:AAFklhqVhhZVDxRSbOFoHH5B4-fE6eipQfg/getUpdates "HTTP/1.1 200 OK"
2024-04-22 14:51:54,530 - INFO - HTTP Request: POST https://api.telegram.org/bot7140791741:AAFklhqVhhZVDxRSbOFoHH5B4-fE6eipQfg/sendMessage "HTTP/1.1 200 OK"
2024-04-22 14:51:54,532 - INFO - Пользователь Mozzich пытался удалить пользователя @semp4iii
2024-04-22 14:52:04,263 - INFO - HTTP Request: POST https://api.telegram.org/bot7140791741:AAFklhqVhhZVDxRSbOFoHH5B4-fE6eipQfg/getUpdates "HTTP/1.1 200 OK"
2024-04-22 14:52:14,327 - INFO - HTTP Request: POST https://api.telegram.org/bot7140791741:AAFklhqVhhZVDxRSbOFoHH5B4-fE6eipQfg/getUpdates "HTTP/1.1 200 OK"
2024-04-22 14:52:24,391 - INFO - HTTP Request: POST https://api.telegram.org/bot7140791741:AAFklhqVhhZVDxRSbOFoHH5B4-fE6eipQfg/getUpdates "HTTP/1.1 200 OK"
2024-04-22 14:52:34,452 - INFO - HTTP Request: POST https://api.telegram.org/bot7140791741:AAFklhqVhhZVDxRSbOFoHH5B4-fE6eipQfg/getUpdates "HTTP/1.1 200 OK"
2024-04-22 14:52:44,514 - INFO - HTTP Request: POST https://api.telegram.org/bot7140791741:AAFklhqVhhZVDxRSbOFoHH5B4-fE6eipQfg/getUpdates "HTTP/1.1 200 OK"
2024-04-22 14:52:54,577 - INFO - HTTP Request: POST https://api.telegram.org/bot7140791741:AAFklhqVhhZVDxRSbOFoHH5B4-fE6eipQfg/getUpdates "HTTP/1.1 200 OK"
2024-04-22 14:53:04,638 - INFO - HTTP Request: POST https://api.telegram.org/bot7140791741:AAFklhqVhhZVDxRSbOFoHH5B4-fE6eipQfg/getUpdates "HTTP/1.1 200 OK"
2024-04-22 14:53:14,696 - INFO - HTTP Request: POST https://api.telegram.org/bot7140791741:AAFklhqVhhZVDxRSbOFoHH5B4-fE6eipQfg/getUpdates "HTTP/1.1 200 OK"
2024-04-22 14:53:24,754 - INFO - HTTP Request: POST https://api.telegram.org/bot7140791741:AAFklhqVhhZVDxRSbOFoHH5B4-fE6eipQfg/getUpdates "HTTP/1.1 200 OK"
2024-04-22 14:53:34,812 - INFO - HTTP Request: POST https://api.telegram.org/bot7140791741:AAFklhqVhhZVDxRSbOFoHH5B4-fE6eipQfg/getUpdates "HTTP/1.1 200 OK"
2024-04-22 14:53:44,869 - INFO - HTTP Request: POST https://api.telegram.org/bot7140791741:AAFklhqVhhZVDxRSbOFoHH5B4-fE6eipQfg/getUpdates "HTTP/1.1 200 OK"
2024-04-22 14:53:54,930 - INFO - HTTP Request: POST https://api.telegram.org/bot7140791741:AAFklhqVhhZVDxRSbOFoHH5B4-fE6eipQfg/getUpdates "HTTP/1.1 200 OK"
2024-04-22 14:54:04,989 - INFO - HTTP Request: POST https://api.telegram.org/bot7140791741:AAFklhqVhhZVDxRSbOFoHH5B4-fE6eipQfg/getUpdates "HTTP/1.1 200 OK"
2024-04-22 14:54:15,046 - INFO - HTTP Request: POST https://api.telegram.org/bot7140791741:AAFklhqVhhZVDxRSbOFoHH5B4-fE6eipQfg/getUpdates "HTTP/1.1 200 OK"
2024-04-22 14:54:25,104 - INFO - HTTP Request: POST https://api.telegram.org/bot7140791741:AAFklhqVhhZVDxRSbOFoHH5B4-fE6eipQfg/getUpdates "HTTP/1.1 200 OK"
2024-04-22 14:54:35,162 - INFO - HTTP Request: POST https://api.telegram.org/bot7140791741:AAFklhqVhhZVDxRSbOFoHH5B4-fE6eipQfg/getUpdates "HTTP/1.1 200 OK"
2024-04-22 14:54:45,225 - INFO - HTTP Request: POST https://api.telegram.org/bot7140791741:AAFklhqVhhZVDxRSbOFoHH5B4-fE6eipQfg/getUpdates "HTTP/1.1 200 OK"
2024-04-22 14:54:55,284 - INFO - HTTP Request: POST https://api.telegram.org/bot7140791741:AAFklhqVhhZVDxRSbOFoHH5B4-fE6eipQfg/getUpdates "HTTP/1.1 200 OK"
2024-04-22 14:55:05,342 - INFO - HTTP Request: POST https://api.telegram.org/bot7140791741:AAFklhqVhhZVDxRSbOFoHH5B4-fE6eipQfg/getUpdates "HTTP/1.1 200 OK"
2024-04-22 14:55:15,401 - INFO - HTTP Request: POST https://api.telegram.org/bot7140791741:AAFklhqVhhZVDxRSbOFoHH5B4-fE6eipQfg/getUpdates "HTTP/1.1 200 OK"
2024-04-22 14:55:25,461 - INFO - HTTP Request: POST https://api.telegram.org/bot7140791741:AAFklhqVhhZVDxRSbOFoHH5B4-fE6eipQfg/getUpdates "HTTP/1.1 200 OK"
2024-04-22 14:55:35,520 - INFO - HTTP Request: POST https://api.telegram.org/bot7140791741:AAFklhqVhhZVDxRSbOFoHH5B4-fE6eipQfg/getUpdates "HTTP/1.1 200 OK"
2024-04-22 14:55:45,577 - INFO - HTTP Request: POST https://api.telegram.org/bot7140791741:AAFklhqVhhZVDxRSbOFoHH5B4-fE6eipQfg/getUpdates "HTTP/1.1 200 OK"
2024-04-22 14:55:55,636 - INFO - HTTP Request: POST https://api.telegram.org/bot7140791741:AAFklhqVhhZVDxRSbOFoHH5B4-fE6eipQfg/getUpdates "HTTP/1.1 200 OK"
2024-04-22 14:56:05,695 - INFO - HTTP Request: POST https://api.telegram.org/bot7140791741:AAFklhqVhhZVDxRSbOFoHH5B4-fE6eipQfg/getUpdates "HTTP/1.1 200 OK"
2024-04-22 14:56:15,753 - INFO - HTTP Request: POST https://api.telegram.org/bot7140791741:AAFklhqVhhZVDxRSbOFoHH5B4-fE6eipQfg/getUpdates "HTTP/1.1 200 OK"
2024-04-22 14:56:25,812 - INFO - HTTP Request: POST https://api.telegram.org/bot7140791741:AAFklhqVhhZVDxRSbOFoHH5B4-fE6eipQfg/getUpdates "HTTP/1.1 200 OK"
2024-04-22 14:56:35,873 - INFO - HTTP Request: POST https://api.telegram.org/bot7140791741:AAFklhqVhhZVDxRSbOFoHH5B4-fE6eipQfg/getUpdates "HTTP/1.1 200 OK"
2024-04-22 14:56:45,931 - INFO - HTTP Request: POST https://api.telegram.org/bot7140791741:AAFklhqVhhZVDxRSbOFoHH5B4-fE6eipQfg/getUpdates "HTTP/1.1 200 OK"
2024-04-22 14:56:55,992 - INFO - HTTP Request: POST https://api.telegram.org/bot7140791741:AAFklhqVhhZVDxRSbOFoHH5B4-fE6eipQfg/getUpdates "HTTP/1.1 200 OK"
2024-04-22 14:57:06,050 - INFO - HTTP Request: POST https://api.telegram.org/bot7140791741:AAFklhqVhhZVDxRSbOFoHH5B4-fE6eipQfg/getUpdates "HTTP/1.1 200 OK"
2024-04-22 14:57:16,110 - INFO - HTTP Request: POST https://api.telegram.org/bot7140791741:AAFklhqVhhZVDxRSbOFoHH5B4-fE6eipQfg/getUpdates "HTTP/1.1 200 OK"
2024-04-22 14:57:26,169 - INFO - HTTP Request: POST https://api.telegram.org/bot7140791741:AAFklhqVhhZVDxRSbOFoHH5B4-fE6eipQfg/getUpdates "HTTP/1.1 200 OK"
2024-04-22 14:57:36,228 - INFO - HTTP Request: POST https://api.telegram.org/bot7140791741:AAFklhqVhhZVDxRSbOFoHH5B4-fE6eipQfg/getUpdates "HTTP/1.1 200 OK"
2024-04-22 14:57:46,286 - INFO - HTTP Request: POST https://api.telegram.org/bot7140791741:AAFklhqVhhZVDxRSbOFoHH5B4-fE6eipQfg/getUpdates "HTTP/1.1 200 OK"
2024-04-22 14:57:56,785 - INFO - HTTP Request: POST https://api.telegram.org/bot7140791741:AAFklhqVhhZVDxRSbOFoHH5B4-fE6eipQfg/getUpdates "HTTP/1.1 200 OK"
2024-04-22 14:58:06,843 - INFO - HTTP Request: POST https://api.telegram.org/bot7140791741:AAFklhqVhhZVDxRSbOFoHH5B4-fE6eipQfg/getUpdates "HTTP/1.1 200 OK"
2024-04-22 14:58:16,903 - INFO - HTTP Request: POST https://api.telegram.org/bot7140791741:AAFklhqVhhZVDxRSbOFoHH5B4-fE6eipQfg/getUpdates "HTTP/1.1 200 OK"
2024-04-22 14:58:26,961 - INFO - HTTP Request: POST https://api.telegram.org/bot7140791741:AAFklhqVhhZVDxRSbOFoHH5B4-fE6eipQfg/getUpdates "HTTP/1.1 200 OK"
2024-04-22 14:58:37,019 - INFO - HTTP Request: POST https://api.telegram.org/bot7140791741:AAFklhqVhhZVDxRSbOFoHH5B4-fE6eipQfg/getUpdates "HTTP/1.1 200 OK"
2024-04-22 14:58:47,077 - INFO - HTTP Request: POST https://api.telegram.org/bot7140791741:AAFklhqVhhZVDxRSbOFoHH5B4-fE6eipQfg/getUpdates "HTTP/1.1 200 OK"
2024-04-22 14:58:57,136 - INFO - HTTP Request: POST https://api.telegram.org/bot7140791741:AAFklhqVhhZVDxRSbOFoHH5B4-fE6eipQfg/getUpdates "HTTP/1.1 200 OK"
2024-04-22 14:59:07,194 - INFO - HTTP Request: POST https://api.telegram.org/bot7140791741:AAFklhqVhhZVDxRSbOFoHH5B4-fE6eipQfg/getUpdates "HTTP/1.1 200 OK"
2024-04-22 14:59:17,253 - INFO - HTTP Request: POST https://api.telegram.org/bot7140791741:AAFklhqVhhZVDxRSbOFoHH5B4-fE6eipQfg/getUpdates "HTTP/1.1 200 OK"
2024-04-22 14:59:27,311 - INFO - HTTP Request: POST https://api.telegram.org/bot7140791741:AAFklhqVhhZVDxRSbOFoHH5B4-fE6eipQfg/getUpdates "HTTP/1.1 200 OK"
2024-04-22 14:59:37,370 - INFO - HTTP Request: POST https://api.telegram.org/bot7140791741:AAFklhqVhhZVDxRSbOFoHH5B4-fE6eipQfg/getUpdates "HTTP/1.1 200 OK"
2024-04-22 14:59:47,428 - INFO - HTTP Request: POST https://api.telegram.org/bot7140791741:AAFklhqVhhZVDxRSbOFoHH5B4-fE6eipQfg/getUpdates "HTTP/1.1 200 OK"
2024-04-22 14:59:57,489 - INFO - HTTP Request: POST https://api.telegram.org/bot7140791741:AAFklhqVhhZVDxRSbOFoHH5B4-fE6eipQfg/getUpdates "HTTP/1.1 200 OK"
2024-04-22 15:00:02,484 - INFO - Scheduler has been shut down
2024-04-22 15:00:03,996 - INFO - HTTP Request: POST https://api.telegram.org/bot7140791741:AAFklhqVhhZVDxRSbOFoHH5B4-fE6eipQfg/getMe "HTTP/1.1 200 OK"
2024-04-22 15:00:04,052 - INFO - HTTP Request: POST https://api.telegram.org/bot7140791741:AAFklhqVhhZVDxRSbOFoHH5B4-fE6eipQfg/deleteWebhook "HTTP/1.1 200 OK"
2024-04-22 15:00:04,053 - INFO - Scheduler started
2024-04-22 15:00:06,642 - INFO - HTTP Request: POST https://api.telegram.org/bot7140791741:AAFklhqVhhZVDxRSbOFoHH5B4-fE6eipQfg/getUpdates "HTTP/1.1 200 OK"
2024-04-22 15:00:06,807 - INFO - HTTP Request: POST https://api.telegram.org/bot7140791741:AAFklhqVhhZVDxRSbOFoHH5B4-fE6eipQfg/sendMessage "HTTP/1.1 200 OK"
2024-04-22 15:00:06,808 - INFO - Пользователь Mozzich запросил список белого списка.
2024-04-22 15:00:16,712 - INFO - HTTP Request: POST https://api.telegram.org/bot7140791741:AAFklhqVhhZVDxRSbOFoHH5B4-fE6eipQfg/getUpdates "HTTP/1.1 200 OK"
2024-04-22 15:00:19,627 - INFO - HTTP Request: POST https://api.telegram.org/bot7140791741:AAFklhqVhhZVDxRSbOFoHH5B4-fE6eipQfg/getUpdates "HTTP/1.1 200 OK"
2024-04-22 15:00:19,630 - ERROR - No error handlers are registered, logging exception.
Traceback (most recent call last):
  File "/home/mozz/venv/lib/python3.11/site-packages/telegram/ext/_application.py", line 1173, in process_update
    await coroutine
  File "/home/mozz/venv/lib/python3.11/site-packages/telegram/ext/_basehandler.py", line 141, in handle_update
    return await self.callback(update, context)
           ^^^^^^^^^^^^^^^^^^^^^^^^^^^^^^^^^^^^
  File "/home/mozz/VScode/Бот наб/bot.py", line 83, in wrapper
    return await func(update, context)
           ^^^^^^^^^^^^^^^^^^^^^^^^^^^
  File "/home/mozz/VScode/Бот наб/bot.py", line 280, in removeuser
    username_with_at = context.args[1]  # Получаем username с "@"
                       ~~~~~~~~~~~~^^^
IndexError: list index out of range
2024-04-22 15:00:29,690 - INFO - HTTP Request: POST https://api.telegram.org/bot7140791741:AAFklhqVhhZVDxRSbOFoHH5B4-fE6eipQfg/getUpdates "HTTP/1.1 200 OK"
2024-04-22 15:00:39,754 - INFO - HTTP Request: POST https://api.telegram.org/bot7140791741:AAFklhqVhhZVDxRSbOFoHH5B4-fE6eipQfg/getUpdates "HTTP/1.1 200 OK"
2024-04-22 15:00:49,814 - INFO - HTTP Request: POST https://api.telegram.org/bot7140791741:AAFklhqVhhZVDxRSbOFoHH5B4-fE6eipQfg/getUpdates "HTTP/1.1 200 OK"
2024-04-22 15:00:59,877 - INFO - HTTP Request: POST https://api.telegram.org/bot7140791741:AAFklhqVhhZVDxRSbOFoHH5B4-fE6eipQfg/getUpdates "HTTP/1.1 200 OK"
2024-04-22 15:01:09,947 - INFO - HTTP Request: POST https://api.telegram.org/bot7140791741:AAFklhqVhhZVDxRSbOFoHH5B4-fE6eipQfg/getUpdates "HTTP/1.1 200 OK"
2024-04-22 15:01:15,684 - INFO - Scheduler has been shut down
2024-04-22 15:02:47,696 - INFO - HTTP Request: POST https://api.telegram.org/bot7140791741:AAFklhqVhhZVDxRSbOFoHH5B4-fE6eipQfg/getMe "HTTP/1.1 200 OK"
2024-04-22 15:02:47,757 - INFO - HTTP Request: POST https://api.telegram.org/bot7140791741:AAFklhqVhhZVDxRSbOFoHH5B4-fE6eipQfg/deleteWebhook "HTTP/1.1 200 OK"
2024-04-22 15:02:47,757 - INFO - Scheduler started
2024-04-22 15:02:47,973 - INFO - HTTP Request: POST https://api.telegram.org/bot7140791741:AAFklhqVhhZVDxRSbOFoHH5B4-fE6eipQfg/getUpdates "HTTP/1.1 200 OK"
2024-04-22 15:02:48,418 - INFO - HTTP Request: POST https://api.telegram.org/bot7140791741:AAFklhqVhhZVDxRSbOFoHH5B4-fE6eipQfg/sendMessage "HTTP/1.1 200 OK"
2024-04-22 15:02:48,419 - INFO - Пользователь Mozzich запросил список белого списка.
2024-04-22 15:02:58,040 - INFO - HTTP Request: POST https://api.telegram.org/bot7140791741:AAFklhqVhhZVDxRSbOFoHH5B4-fE6eipQfg/getUpdates "HTTP/1.1 200 OK"
2024-04-22 15:03:08,107 - INFO - HTTP Request: POST https://api.telegram.org/bot7140791741:AAFklhqVhhZVDxRSbOFoHH5B4-fE6eipQfg/getUpdates "HTTP/1.1 200 OK"
2024-04-22 15:03:18,172 - INFO - HTTP Request: POST https://api.telegram.org/bot7140791741:AAFklhqVhhZVDxRSbOFoHH5B4-fE6eipQfg/getUpdates "HTTP/1.1 200 OK"
2024-04-22 15:03:28,235 - INFO - HTTP Request: POST https://api.telegram.org/bot7140791741:AAFklhqVhhZVDxRSbOFoHH5B4-fE6eipQfg/getUpdates "HTTP/1.1 200 OK"
