2024-04-21 15:40:28,224 - INFO - HTTP Request: POST https://api.telegram.org/bot7121780866:AAHonkqpaYouAg8S1Lnrw-EBUvBMInaxjbw/getMe "HTTP/1.1 200 OK"
2024-04-21 15:40:28,283 - INFO - HTTP Request: POST https://api.telegram.org/bot7121780866:AAHonkqpaYouAg8S1Lnrw-EBUvBMInaxjbw/deleteWebhook "HTTP/1.1 200 OK"
2024-04-21 15:40:28,284 - INFO - Scheduler started
2024-04-21 15:40:28,285 - INFO - Application started
2024-04-21 15:40:32,115 - INFO - HTTP Request: POST https://api.telegram.org/bot7121780866:AAHonkqpaYouAg8S1Lnrw-EBUvBMInaxjbw/getUpdates "HTTP/1.1 200 OK"
2024-04-21 15:40:32,207 - INFO - HTTP Request: POST https://api.telegram.org/bot7121780866:AAHonkqpaYouAg8S1Lnrw-EBUvBMInaxjbw/sendMessage "HTTP/1.1 200 OK"
2024-04-21 15:40:32,208 - INFO - Пользователь Mozzich запросил список очереди.
2024-04-21 15:40:42,183 - INFO - HTTP Request: POST https://api.telegram.org/bot7121780866:AAHonkqpaYouAg8S1Lnrw-EBUvBMInaxjbw/getUpdates "HTTP/1.1 200 OK"
2024-04-21 15:40:52,243 - INFO - HTTP Request: POST https://api.telegram.org/bot7121780866:AAHonkqpaYouAg8S1Lnrw-EBUvBMInaxjbw/getUpdates "HTTP/1.1 200 OK"
2024-04-21 15:40:57,160 - INFO - Application is stopping. This might take a moment.
2024-04-21 15:40:57,160 - INFO - Scheduler has been shut down
2024-04-21 15:40:57,171 - INFO - Application.stop() complete
2024-04-21 15:43:59,176 - INFO - HTTP Request: POST https://api.telegram.org/bot7121780866:AAHonkqpaYouAg8S1Lnrw-EBUvBMInaxjbw/getMe "HTTP/1.1 200 OK"
2024-04-21 15:43:59,234 - INFO - HTTP Request: POST https://api.telegram.org/bot7121780866:AAHonkqpaYouAg8S1Lnrw-EBUvBMInaxjbw/deleteWebhook "HTTP/1.1 200 OK"
2024-04-21 15:43:59,235 - INFO - Scheduler started
2024-04-21 15:44:04,682 - INFO - HTTP Request: POST https://api.telegram.org/bot7121780866:AAHonkqpaYouAg8S1Lnrw-EBUvBMInaxjbw/getUpdates "HTTP/1.1 200 OK"
2024-04-21 15:44:04,936 - INFO - HTTP Request: POST https://api.telegram.org/bot7121780866:AAHonkqpaYouAg8S1Lnrw-EBUvBMInaxjbw/sendMessage "HTTP/1.1 200 OK"
2024-04-21 15:44:04,937 - INFO - Пользователь Mozzich запросил список очереди.
2024-04-21 15:44:14,747 - INFO - HTTP Request: POST https://api.telegram.org/bot7121780866:AAHonkqpaYouAg8S1Lnrw-EBUvBMInaxjbw/getUpdates "HTTP/1.1 200 OK"
2024-04-21 15:44:16,443 - INFO - HTTP Request: POST https://api.telegram.org/bot7121780866:AAHonkqpaYouAg8S1Lnrw-EBUvBMInaxjbw/getUpdates "HTTP/1.1 200 OK"
2024-04-21 15:44:16,853 - INFO - HTTP Request: POST https://api.telegram.org/bot7121780866:AAHonkqpaYouAg8S1Lnrw-EBUvBMInaxjbw/sendMessage "HTTP/1.1 200 OK"
2024-04-21 15:44:16,853 - INFO - Команда Клима добавлена в очередь пользователем Mozzich
2024-04-21 15:44:21,355 - INFO - HTTP Request: POST https://api.telegram.org/bot7121780866:AAHonkqpaYouAg8S1Lnrw-EBUvBMInaxjbw/getUpdates "HTTP/1.1 200 OK"
2024-04-21 15:44:21,622 - INFO - HTTP Request: POST https://api.telegram.org/bot7121780866:AAHonkqpaYouAg8S1Lnrw-EBUvBMInaxjbw/sendMessage "HTTP/1.1 200 OK"
2024-04-21 15:44:21,622 - INFO - Пользователь Mozzich запросил список очереди.
2024-04-21 15:44:30,606 - INFO - HTTP Request: POST https://api.telegram.org/bot7121780866:AAHonkqpaYouAg8S1Lnrw-EBUvBMInaxjbw/getUpdates "HTTP/1.1 200 OK"
2024-04-21 15:44:31,091 - INFO - HTTP Request: POST https://api.telegram.org/bot7121780866:AAHonkqpaYouAg8S1Lnrw-EBUvBMInaxjbw/sendMessage "HTTP/1.1 200 OK"
2024-04-21 15:44:31,091 - INFO - Пользователь Mozzich удалил команду Маши из очереди.
2024-04-21 15:44:33,921 - INFO - HTTP Request: POST https://api.telegram.org/bot7121780866:AAHonkqpaYouAg8S1Lnrw-EBUvBMInaxjbw/getUpdates "HTTP/1.1 200 OK"
2024-04-21 15:44:34,005 - INFO - HTTP Request: POST https://api.telegram.org/bot7121780866:AAHonkqpaYouAg8S1Lnrw-EBUvBMInaxjbw/sendMessage "HTTP/1.1 200 OK"
2024-04-21 15:44:34,007 - INFO - Пользователь Mozzich запросил список очереди.
2024-04-21 15:44:43,982 - INFO - HTTP Request: POST https://api.telegram.org/bot7121780866:AAHonkqpaYouAg8S1Lnrw-EBUvBMInaxjbw/getUpdates "HTTP/1.1 200 OK"
2024-04-21 15:44:46,920 - INFO - Scheduler has been shut down
